# JRE version: Java(TM) SE Runtime Environment (8.0_111-b14) (build 1.8.0_111-b14)
# Java VM: Java HotSpot(TM) 64-Bit Server VM (25.111-b14 mixed mode bsd-amd64 compressed oops)
Heap:
 PSYoungGen      total 38400K, used 15211K [0x0000000795580000, 0x0000000798a80000, 0x00000007c0000000)
  eden space 33280K, 30% used [0x0000000795580000,0x0000000795f5e720,0x0000000797600000)
  from space 5120K, 99% used [0x0000000797600000,0x0000000797afc820,0x0000000797b00000)
  to   space 5120K, 0% used [0x0000000798580000,0x0000000798580000,0x0000000798a80000)
 ParOldGen       total 64000K, used 10967K [0x0000000740000000, 0x0000000743e80000, 0x0000000795580000)
  object space 64000K, 17% used [0x0000000740000000,0x0000000740ab5d68,0x0000000743e80000)
 Metaspace       used 27027K, capacity 28680K, committed 28800K, reserved 1075200K
  class space    used 3641K, capacity 3955K, committed 3968K, reserved 1048576K
GC Heap History (8 events):
Event: 2.542 GC heap before
{Heap before GC invocations=1 (full 0):
 PSYoungGen      total 38400K, used 33280K [0x0000000795580000, 0x0000000798000000, 0x00000007c0000000)
  eden space 33280K, 100% used [0x0000000795580000,0x0000000797600000,0x0000000797600000)
  from space 5120K, 0% used [0x0000000797b00000,0x0000000797b00000,0x0000000798000000)
  to   space 5120K, 0% used [0x0000000797600000,0x0000000797600000,0x0000000797b00000)
 ParOldGen       total 87552K, used 0K [0x0000000740000000, 0x0000000745580000, 0x0000000795580000)
  object space 87552K, 0% used [0x0000000740000000,0x0000000740000000,0x0000000745580000)
 Metaspace       used 15454K, capacity 15854K, committed 16128K, reserved 1062912K
  class space    used 1817K, capacity 1941K, committed 2048K, reserved 1048576K
Event: 2.560 GC heap after
Heap after GC invocations=1 (full 0):
 PSYoungGen      total 38400K, used 5118K [0x0000000795580000, 0x0000000798000000, 0x00000007c0000000)
  eden space 33280K, 0% used [0x0000000795580000,0x0000000795580000,0x0000000797600000)
  from space 5120K, 99% used [0x0000000797600000,0x0000000797affae0,0x0000000797b00000)
  to   space 5120K, 0% used [0x0000000797b00000,0x0000000797b00000,0x0000000798000000)
 ParOldGen       total 87552K, used 2581K [0x0000000740000000, 0x0000000745580000, 0x0000000795580000)
  object space 87552K, 2% used [0x0000000740000000,0x00000007402854d8,0x0000000745580000)
 Metaspace       used 15454K, capacity 15854K, committed 16128K, reserved 1062912K
  class space    used 1817K, capacity 1941K, committed 2048K, reserved 1048576K
}
Event: 3.658 GC heap before
{Heap before GC invocations=2 (full 0):
 PSYoungGen      total 38400K, used 20245K [0x0000000795580000, 0x0000000798000000, 0x00000007c0000000)
  eden space 33280K, 45% used [0x0000000795580000,0x0000000796445c90,0x0000000797600000)
  from space 5120K, 99% used [0x0000000797600000,0x0000000797affae0,0x0000000797b00000)
  to   space 5120K, 0% used [0x0000000797b00000,0x0000000797b00000,0x0000000798000000)
 ParOldGen       total 87552K, used 2581K [0x0000000740000000, 0x0000000745580000, 0x0000000795580000)
  object space 87552K, 2% used [0x0000000740000000,0x00000007402854d8,0x0000000745580000)
 Metaspace       used 20681K, capacity 21262K, committed 21296K, reserved 1067008K
  class space    used 2770K, capacity 2914K, committed 2944K, reserved 1048576K
Event: 3.670 GC heap after
Heap after GC invocations=2 (full 0):
 PSYoungGen      total 38400K, used 5089K [0x0000000795580000, 0x0000000798000000, 0x00000007c0000000)
  eden space 33280K, 0% used [0x0000000795580000,0x0000000795580000,0x0000000797600000)
  from space 5120K, 99% used [0x0000000797b00000,0x0000000797ff84a0,0x0000000798000000)
  to   space 5120K, 0% used [0x0000000797600000,0x0000000797600000,0x0000000797b00000)
 ParOldGen       total 87552K, used 5194K [0x0000000740000000, 0x0000000745580000, 0x0000000795580000)
  object space 87552K, 5% used [0x0000000740000000,0x0000000740512810,0x0000000745580000)
 Metaspace       used 20681K, capacity 21262K, committed 21296K, reserved 1067008K
  class space    used 2770K, capacity 2914K, committed 2944K, reserved 1048576K
}
Event: 3.670 GC heap before
{Heap before GC invocations=3 (full 1):
 PSYoungGen      total 38400K, used 5089K [0x0000000795580000, 0x0000000798000000, 0x00000007c0000000)
  eden space 33280K, 0% used [0x0000000795580000,0x0000000795580000,0x0000000797600000)
  from space 5120K, 99% used [0x0000000797b00000,0x0000000797ff84a0,0x0000000798000000)
  to   space 5120K, 0% used [0x0000000797600000,0x0000000797600000,0x0000000797b00000)
 ParOldGen       total 87552K, used 5194K [0x0000000740000000, 0x0000000745580000, 0x0000000795580000)
  object space 87552K, 5% used [0x0000000740000000,0x0000000740512810,0x0000000745580000)
 Metaspace       used 20681K, capacity 21262K, committed 21296K, reserved 1067008K
  class space    used 2770K, capacity 2914K, committed 2944K, reserved 1048576K
Event: 3.723 GC heap after
Heap after GC invocations=3 (full 1):
 PSYoungGen      total 38400K, used 0K [0x0000000795580000, 0x0000000798000000, 0x00000007c0000000)
  eden space 33280K, 0% used [0x0000000795580000,0x0000000795580000,0x0000000797600000)
  from space 5120K, 0% used [0x0000000797b00000,0x0000000797b00000,0x0000000798000000)
  to   space 5120K, 0% used [0x0000000797600000,0x0000000797600000,0x0000000797b00000)
 ParOldGen       total 64000K, used 7614K [0x0000000740000000, 0x0000000743e80000, 0x0000000795580000)
  object space 64000K, 11% used [0x0000000740000000,0x000000074076f900,0x0000000743e80000)
 Metaspace       used 20681K, capacity 21262K, committed 21296K, reserved 1067008K
  class space    used 2770K, capacity 2914K, committed 2944K, reserved 1048576K
}
Event: 14.412 GC heap before
{Heap before GC invocations=4 (full 1):
 PSYoungGen      total 38400K, used 33280K [0x0000000795580000, 0x0000000798000000, 0x00000007c0000000)
  eden space 33280K, 100% used [0x0000000795580000,0x0000000797600000,0x0000000797600000)
  from space 5120K, 0% used [0x0000000797b00000,0x0000000797b00000,0x0000000798000000)
  to   space 5120K, 0% used [0x0000000797600000,0x0000000797600000,0x0000000797b00000)
 ParOldGen       total 64000K, used 7614K [0x0000000740000000, 0x0000000743e80000, 0x0000000795580000)
  object space 64000K, 11% used [0x0000000740000000,0x000000074076f900,0x0000000743e80000)
 Metaspace       used 26243K, capacity 27828K, committed 28032K, reserved 1073152K
  class space    used 3568K, capacity 3865K, committed 3968K, reserved 1048576K
Event: 14.429 GC heap after
Heap after GC invocations=4 (full 1):
 PSYoungGen      total 38400K, used 5106K [0x0000000795580000, 0x0000000798a80000, 0x00000007c0000000)
  eden space 33280K, 0% used [0x0000000795580000,0x0000000795580000,0x0000000797600000)
  from space 5120K, 99% used [0x0000000797600000,0x0000000797afc820,0x0000000797b00000)
  to   space 5120K, 0% used [0x0000000798580000,0x0000000798580000,0x0000000798a80000)
 ParOldGen       total 64000K, used 10967K [0x0000000740000000, 0x0000000743e80000, 0x0000000795580000)
  object space 64000K, 17% used [0x0000000740000000,0x0000000740ab5d68,0x0000000743e80000)
 Metaspace       used 26243K, capacity 27828K, committed 28032K, reserved 1073152K
  class space    used 3568K, capacity 3865K, committed 3968K, reserved 1048576K
}

